E:\PROJECT\PRACTICE\C++\QRGENERATOR\BMP\DEBUG\BITMAP.OBJ
E:\PROJECT\PRACTICE\C++\QRGENERATOR\BMP\DEBUG\MAIN.OBJ
E:\PROJECT\PRACTICE\C++\QRGENERATOR\BMP\DEBUG\VC110.PDB
E:\PROJECT\PRACTICE\C++\QRGENERATOR\DEBUG\BMP.ILK
E:\PROJECT\PRACTICE\C++\QRGENERATOR\DEBUG\BMP.EXE
E:\PROJECT\PRACTICE\C++\QRGENERATOR\DEBUG\BMP.PDB
E:\Project\Practice\C++\QRGenerator\BMP\Debug\bitmap.obj
E:\Project\Practice\C++\QRGenerator\BMP\Debug\main.obj
E:\Project\Practice\C++\QRGenerator\BMP\Debug\cl.command.1.tlog
E:\Project\Practice\C++\QRGenerator\BMP\Debug\CL.read.1.tlog
E:\Project\Practice\C++\QRGenerator\BMP\Debug\CL.write.1.tlog
E:\Project\Practice\C++\QRGenerator\BMP\Debug\link-cvtres.read.1.tlog
E:\Project\Practice\C++\QRGenerator\BMP\Debug\link-cvtres.write.1.tlog
E:\Project\Practice\C++\QRGenerator\BMP\Debug\link-rc.read.1.tlog
E:\Project\Practice\C++\QRGenerator\BMP\Debug\link-rc.write.1.tlog
E:\Project\Practice\C++\QRGenerator\BMP\Debug\link.command.1.tlog
E:\Project\Practice\C++\QRGenerator\BMP\Debug\link.read.1.tlog
E:\Project\Practice\C++\QRGenerator\BMP\Debug\link.write.1.tlog
E:\Project\Practice\C++\QRGenerator\BMP\Debug\vc110.idb
E:\Project\Practice\C++\QRGenerator\BMP\Debug\vc110.pdb
E:\Project\Practice\C++\QRGenerator\Debug\BMP.pdb
E:\Project\Practice\C++\QRGenerator\Debug\BMP.exe
E:\Project\Practice\C++\QRGenerator\Debug\BMP.ilk
